2017-03-28 17:12:28 [37cf38cd] info    [native] Loading collector peer list from /app/dynatrace/agent/conf/collectorlist.Java_XJet_Java_XJet
2017-03-28 17:12:28 [37cf38cd] info    [native] 0 entries loaded
2017-03-28 17:12:28 [37cf38cd] info    [native] POSIX clock type CLOCK_MONOTONIC detected
2017-03-28 17:12:28 [37cf38cd] info    [native] High-resolution POSIX timer detected.
2017-03-28 17:12:28 [37cf38cd] info    [native] ------------------------------------------------------------------------------------
2017-03-28 17:12:28 [37cf38cd] info    [native] Dynatrace Agent for Java Copyright (C) 2004-2016 Dynatrace, http://www.dynatrace.com
2017-03-28 17:12:28 [37cf38cd] info    [native] ------------------------------------------------------------------------------------
2017-03-28 17:12:28 [37cf38cd] info    [native] Version ..................... 6.5.0.1289, build date Sep 16 2016 08:47:21, svn rev. 654174
2017-03-28 17:12:28 [37cf38cd] info    [native] Command line is java -agentpath:/app/dynatrace/agent/lib64/libdtagent.so=name=Java_XJet_Java_XJet,server=dtserver.dojoapm_default:9998 -Djava.security.egd=file:/dev/./urandom -jar /app/build/libs/xjet-1.0-SNAPSHOT.jar 
2017-03-28 17:12:28 [37cf38cd] info    [native] Build platform .............. Linux x86 64-bit
2017-03-28 17:12:28 [37cf38cd] info    [native] Platform .................... Linux 4.4.0-66-generic x86_64
2017-03-28 17:12:28 [37cf38cd] info    [native] System startup time ......... unknown
2017-03-28 17:12:28 [37cf38cd] info    [native] User name ................... root
2017-03-28 17:12:28 [37cf38cd] info    [native] Bootstrap version ........... 6.5.0.1289
2017-03-28 17:12:28 [37cf38cd] info    [native] Log level console ........... info
2017-03-28 17:12:28 [37cf38cd] info    [native] Log level file .............. info
2017-03-28 17:12:28 [37cf38cd] info    [native] Log file .................... /app/dynatrace/log/dt_Java_XJet_Java_XJet_1(14).0.log
2017-03-28 17:12:28 [37cf38cd] info    [native] Agent host .................. 653e53ad93fb
2017-03-28 17:12:28 [37cf38cd] info    [native] Agent library ............... /app/dynatrace/agent/downloads/6.5.0.1289/native/linux-x86-64/libdtagentcore.so
2017-03-28 17:12:28 [37cf38cd] info    [native] Options string .............. name=Java_XJet_Java_XJet,server=dtserver.dojoapm_default:9998
2017-03-28 17:12:28 [37cf38cd] info    [native] Agent name .................. Java_XJet_Java_XJet
2017-03-28 17:12:28 [37cf38cd] info    [native] Server/Collector ............ dtserver.dojoapm_default:9998
2017-03-28 17:12:28 [37cf38cd] info    [native] Interface type .............. JVMTI
2017-03-28 17:12:28 [37cf38cd] info    [native] Process ID .................. 1
2017-03-28 17:12:28 [37cf38cd] info    [native] JVM name .................... Java HotSpot(TM) 64-Bit Server VM 25.121-b13
2017-03-28 17:12:28 [37cf38cd] info    [native] JVM vendor .................. Oracle Corporation
2017-03-28 17:12:28 [37cf38cd] info    [native] JVM info .................... mixed mode, sharing
2017-03-28 17:12:28 [37cf38cd] info    [native] Trying to connect to Server/Collector for up to 19 seconds
2017-03-28 17:12:28 [37cf38cd] info    [native] Reading LoadBalancing configuration from dtserver.dojoapm_default:9998
2017-03-28 17:12:28 [37cf38cd] info    [native] Storing collector peer list (0 entries) to /app/dynatrace/agent/conf/collectorlist.Java_XJet_Java_XJet
2017-03-28 17:12:28 [37cf38cd] info    [native] Server/Collector ............ dtserver.dojoapm_default:9998
2017-03-28 17:12:28 [37cf38cd] info    [native] Instrumentation channel connected successfully
2017-03-28 17:12:28 [37cf38cd] info    [native] Received instrumentation blacklist (1273 classes, 81 KiB)
2017-03-28 17:12:28 [37cf38cd] info    [native] Connected to Server/Collector dtserver.dojoapm_default:9998
2017-03-28 17:12:29 [37cf38cd] info    [native] Agent classes defined successfully
2017-03-28 17:12:29 [37cf38cd] info    [native] Platform .................... Linux 4.4.0-66-generic, amd64
2017-03-28 17:12:29 [37cf38cd] info    [java  ] Java Agent Version .......... 6.5.0.1289, Agent15
2017-03-28 17:12:29 [dbff88cc] info    [native] Control channel connected successfully
2017-03-28 17:12:29 [dbff88cc] info    [native] Transaction sampling started.
2017-03-28 17:12:29 [dbff88cc] info    [native] Process metrics pattern ..... not set
2017-03-28 17:12:29 [dbff88cc] info    [native] Agent ID .................... a9cc5936
2017-03-28 17:12:29 [dbff88cc] info    [native] Process ID .................. 1
2017-03-28 17:12:29 [dbff88cc] info    [native] Recovery .................... enabled
2017-03-28 17:12:29 [dbff88cc] info    [native] Hot Sensor Placement ........ available
2017-03-28 17:12:29 [dbff88cc] info    [native] Hypervisor .................. unknown
2017-03-28 17:12:29 [37cf38cd] info    [native] Eventsender channel connected successfully
2017-03-28 17:12:29 [37cf38cd] info    [native] Shutting down Controller
2017-03-28 17:12:29 [37cf38cd] info    [native] Shutting down EventSender
2017-03-28 17:12:29 [37cf38cd] info    [native] Shutting down Instrumentor
2017-03-28 17:12:29 [37cf38cd] info    [native] Shutdown successful
