2017-05-23 13:23:44 [c442080b] info    [native] Loading collector peer list from /app/dynatrace/agent/conf/collectorlist.JavaApplication_Java_XJet
2017-05-23 13:23:44 [c442080b] info    [native] 0 entries loaded
2017-05-23 13:23:44 [c442080b] info    [native] POSIX clock type CLOCK_MONOTONIC detected
2017-05-23 13:23:45 [c442080b] info    [native] High-resolution POSIX timer detected.
2017-05-23 13:23:45 [c442080b] info    [native] ------------------------------------------------------------------------------------
2017-05-23 13:23:45 [c442080b] info    [native] Dynatrace Agent for Java Copyright (C) 2004-2016 Dynatrace, http://www.dynatrace.com
2017-05-23 13:23:45 [c442080b] info    [native] ------------------------------------------------------------------------------------
2017-05-23 13:23:45 [c442080b] info    [native] Version ..................... 6.5.0.1289, build date Sep 16 2016 08:47:21, svn rev. 654174
2017-05-23 13:23:45 [c442080b] info    [native] Command line is java -agentpath:/app/dynatrace/agent/lib64/libdtagent.so=name=JavaApplication_Java_XJet,server=dtcollector.dojoapm_default:9998 -Djava.security.egd=file:/dev/./urandom -jar /app/build/libs/xjet-1.0-SNAPSHOT.jar 
2017-05-23 13:23:45 [c442080b] info    [native] Build platform .............. Linux x86 64-bit
2017-05-23 13:23:45 [c442080b] info    [native] Platform .................... Linux 4.4.0-75-generic x86_64
2017-05-23 13:23:45 [c442080b] info    [native] System startup time ......... unknown
2017-05-23 13:23:45 [c442080b] info    [native] User name ................... root
2017-05-23 13:23:45 [c442080b] info    [native] Bootstrap version ........... 6.5.0.1289
2017-05-23 13:23:45 [c442080b] info    [native] Log level console ........... info
2017-05-23 13:23:45 [c442080b] info    [native] Log level file .............. info
2017-05-23 13:23:45 [c442080b] info    [native] Log file .................... /app/dynatrace/log/dt_JavaApplication_Java_XJet_1(6).0.log
2017-05-23 13:23:45 [c442080b] info    [native] Agent host .................. d3ae5477fb69
2017-05-23 13:23:45 [c442080b] info    [native] Agent library ............... /app/dynatrace/agent/downloads/6.5.0.1289/native/linux-x86-64/libdtagentcore.so
2017-05-23 13:23:45 [c442080b] info    [native] Options string .............. name=JavaApplication_Java_XJet,server=dtcollector.dojoapm_default:9998
2017-05-23 13:23:45 [c442080b] info    [native] Agent name .................. JavaApplication_Java_XJet
2017-05-23 13:23:45 [c442080b] info    [native] Server/Collector ............ dtcollector.dojoapm_default:9998
2017-05-23 13:23:45 [c442080b] info    [native] Interface type .............. JVMTI
2017-05-23 13:23:45 [c442080b] info    [native] Process ID .................. 1
2017-05-23 13:23:45 [c442080b] info    [native] JVM name .................... Java HotSpot(TM) 64-Bit Server VM 25.121-b13
2017-05-23 13:23:45 [c442080b] info    [native] JVM vendor .................. Oracle Corporation
2017-05-23 13:23:45 [c442080b] info    [native] JVM info .................... mixed mode, sharing
2017-05-23 13:23:45 [c442080b] info    [native] Trying to connect to Server/Collector for up to 0 seconds
2017-05-23 13:23:45 [c442080b] info    [native] Could not retrieve LoadBalancing configuration from dtcollector.dojoapm_default:9998 (670002): Name or service not known
2017-05-23 13:23:46 [c442080b] severe  [native] Exception while connecting to Server/Collector dtcollector.dojoapm_default, info:<connect()/apr_sockaddr_info_get(), 670002, Name or service not known>
2017-05-23 13:23:46 [c442080b] warning [native] Unable to register with Server/Collector dtcollector.dojoapm_default:9998, CONTINUING WITHOUT INSTRUMENTATION.
2017-05-23 13:23:47 [c442080b] info    [native] Platform .................... Linux 4.4.0-75-generic, amd64
2017-05-26 10:04:13 [9021680b] info    [native] Shutting down Controller
2017-05-26 10:04:13 [9021680b] info    [native] Shutting down EventSender
2017-05-26 10:04:14 [9021680b] info    [native] Shutting down Instrumentor
2017-05-26 10:04:14 [9021680b] info    [native] Shutdown successful
