2017-05-29 18:55:37 [201fa8e2] info    [native] Loading collector peer list from /app/dynatrace/agent/conf/collectorlist.JavaApplication_Java_XJet
2017-05-29 18:55:37 [201fa8e2] info    [native] 0 entries loaded
2017-05-29 18:55:37 [201fa8e2] info    [native] POSIX clock type CLOCK_MONOTONIC detected
2017-05-29 18:55:37 [201fa8e2] info    [native] High-resolution POSIX timer detected.
2017-05-29 18:55:37 [201fa8e2] info    [native] ------------------------------------------------------------------------------------
2017-05-29 18:55:37 [201fa8e2] info    [native] Dynatrace Agent for Java Copyright (C) 2004-2016 Dynatrace, http://www.dynatrace.com
2017-05-29 18:55:37 [201fa8e2] info    [native] ------------------------------------------------------------------------------------
2017-05-29 18:55:37 [201fa8e2] info    [native] Version ..................... 6.5.0.1289, build date Sep 16 2016 08:47:21, svn rev. 654174
2017-05-29 18:55:37 [201fa8e2] info    [native] Command line is java -agentpath:/app/dynatrace/agent/lib64/libdtagent.so=name=JavaApplication_Java_XJet,server=dtcollector.dojoapm_default:9998 -Djava.security.egd=file:/dev/./urandom -jar /app/build/libs/xjet-1.0-SNAPSHOT.jar 
2017-05-29 18:55:37 [201fa8e2] info    [native] Build platform .............. Linux x86 64-bit
2017-05-29 18:55:37 [201fa8e2] info    [native] Platform .................... Linux 4.4.0-78-generic x86_64
2017-05-29 18:55:37 [201fa8e2] info    [native] System startup time ......... unknown
2017-05-29 18:55:37 [201fa8e2] info    [native] User name ................... root
2017-05-29 18:55:37 [201fa8e2] info    [native] Bootstrap version ........... 6.5.0.1289
2017-05-29 18:55:37 [201fa8e2] info    [native] Log level console ........... info
2017-05-29 18:55:37 [201fa8e2] info    [native] Log level file .............. info
2017-05-29 18:55:37 [201fa8e2] info    [native] Log file .................... /app/dynatrace/log/dt_JavaApplication_Java_XJet_1(4).0.log
2017-05-29 18:55:37 [201fa8e2] info    [native] Agent host .................. 074effce8a9c
2017-05-29 18:55:37 [201fa8e2] info    [native] Agent library ............... /app/dynatrace/agent/downloads/6.5.0.1289/native/linux-x86-64/libdtagentcore.so
2017-05-29 18:55:37 [201fa8e2] info    [native] Options string .............. name=JavaApplication_Java_XJet,server=dtcollector.dojoapm_default:9998
2017-05-29 18:55:37 [201fa8e2] info    [native] Agent name .................. JavaApplication_Java_XJet
2017-05-29 18:55:37 [201fa8e2] info    [native] Server/Collector ............ dtcollector.dojoapm_default:9998
2017-05-29 18:55:37 [201fa8e2] info    [native] Interface type .............. JVMTI
2017-05-29 18:55:37 [201fa8e2] info    [native] Process ID .................. 1
2017-05-29 18:55:37 [201fa8e2] info    [native] JVM name .................... Java HotSpot(TM) 64-Bit Server VM 25.131-b11
2017-05-29 18:55:37 [201fa8e2] info    [native] JVM vendor .................. Oracle Corporation
2017-05-29 18:55:37 [201fa8e2] info    [native] JVM info .................... mixed mode, sharing
2017-05-29 18:55:37 [201fa8e2] info    [native] Trying to connect to Server/Collector for up to 0 seconds
2017-05-29 18:55:57 [201fa8e2] info    [native] Could not retrieve LoadBalancing configuration from dtcollector.dojoapm_default:9998 (670003): Temporary failure in name resolution
2017-05-29 18:56:17 [201fa8e2] severe  [native] Exception while connecting to Server/Collector dtcollector.dojoapm_default, info:<connect()/apr_sockaddr_info_get(), 670003, Temporary failure in name resolution>
2017-05-29 18:56:17 [201fa8e2] warning [native] Unable to register with Server/Collector dtcollector.dojoapm_default:9998, CONTINUING WITHOUT INSTRUMENTATION.
2017-05-29 18:56:18 [201fa8e2] info    [native] Platform .................... Linux 4.4.0-78-generic, amd64
