2017-03-24 18:02:14 [d7cdb81b] info    [native] Loading collector peer list from /app/dynatrace/agent/conf/collectorlist.Java_TodoList
2017-03-24 18:02:14 [d7cdb81b] info    [native] 0 entries loaded
2017-03-24 18:02:14 [d7cdb81b] info    [native] POSIX clock type CLOCK_MONOTONIC detected
2017-03-24 18:02:14 [d7cdb81b] info    [native] High-resolution POSIX timer detected.
2017-03-24 18:02:14 [d7cdb81b] info    [native] ------------------------------------------------------------------------------------
2017-03-24 18:02:14 [d7cdb81b] info    [native] Dynatrace Agent for Java Copyright (C) 2004-2016 Dynatrace, http://www.dynatrace.com
2017-03-24 18:02:14 [d7cdb81b] info    [native] ------------------------------------------------------------------------------------
2017-03-24 18:02:14 [d7cdb81b] info    [native] Version ..................... 6.5.0.1289, build date Sep 16 2016 08:47:21, svn rev. 654174
2017-03-24 18:02:14 [d7cdb81b] info    [native] Command line is java -agentpath:/app/dynatrace/agent/lib64/libdtagent.so=name=Java_TodoList,server=dtserver.todolist_default:9998 -Djava.security.egd=file:/dev/./urandom -jar /app/build/libs/todolistapp-1.0-SNAPSHOT.jar 
2017-03-24 18:02:14 [d7cdb81b] info    [native] Build platform .............. Linux x86 64-bit
2017-03-24 18:02:14 [d7cdb81b] info    [native] Platform .................... Linux 4.4.0-66-generic x86_64
2017-03-24 18:02:14 [d7cdb81b] info    [native] System startup time ......... unknown
2017-03-24 18:02:14 [d7cdb81b] info    [native] User name ................... root
2017-03-24 18:02:14 [d7cdb81b] info    [native] Bootstrap version ........... 6.5.0.1289
2017-03-24 18:02:14 [d7cdb81b] info    [native] Log level console ........... info
2017-03-24 18:02:14 [d7cdb81b] info    [native] Log level file .............. info
2017-03-24 18:02:14 [d7cdb81b] info    [native] Log file .................... /app/dynatrace/log/dt_Java_TodoList_1(1).0.log
2017-03-24 18:02:14 [d7cdb81b] info    [native] Agent host .................. a5f8b728fae3
2017-03-24 18:02:14 [d7cdb81b] info    [native] Agent library ............... /app/dynatrace/agent/downloads/6.5.0.1289/native/linux-x86-64/libdtagentcore.so
2017-03-24 18:02:14 [d7cdb81b] info    [native] Options string .............. name=Java_TodoList,server=dtserver.todolist_default:9998
2017-03-24 18:02:14 [d7cdb81b] info    [native] Agent name .................. Java_TodoList
2017-03-24 18:02:14 [d7cdb81b] info    [native] Server/Collector ............ dtserver.todolist_default:9998
2017-03-24 18:02:14 [d7cdb81b] info    [native] Interface type .............. JVMTI
2017-03-24 18:02:14 [d7cdb81b] info    [native] Process ID .................. 1
2017-03-24 18:02:14 [d7cdb81b] info    [native] JVM name .................... Java HotSpot(TM) 64-Bit Server VM 25.121-b13
2017-03-24 18:02:14 [d7cdb81b] info    [native] JVM vendor .................. Oracle Corporation
2017-03-24 18:02:14 [d7cdb81b] info    [native] JVM info .................... mixed mode, sharing
2017-03-24 18:02:14 [d7cdb81b] info    [native] Trying to connect to Server/Collector for up to 19 seconds
2017-03-24 18:02:14 [d7cdb81b] info    [native] Reading LoadBalancing configuration from dtserver.todolist_default:9998
2017-03-24 18:02:14 [d7cdb81b] info    [native] Storing collector peer list (0 entries) to /app/dynatrace/agent/conf/collectorlist.Java_TodoList
2017-03-24 18:02:14 [d7cdb81b] info    [native] Server/Collector ............ dtserver.todolist_default:9998
2017-03-24 18:02:14 [d7cdb81b] info    [native] Instrumentation channel connected successfully
2017-03-24 18:02:14 [d7cdb81b] info    [native] Received instrumentation blacklist (0 classes, 0 KiB)
2017-03-24 18:02:14 [d7cdb81b] info    [native] Connected to Server/Collector dtserver.todolist_default:9998
2017-03-24 18:02:15 [d7cdb81b] info    [native] Agent classes defined successfully
2017-03-24 18:02:15 [d7cdb81b] info    [native] Platform .................... Linux 4.4.0-66-generic, amd64
2017-03-24 18:02:15 [d7cdb81b] info    [java  ] Java Agent Version .......... 6.5.0.1289, Agent15
2017-03-24 18:02:15 [73ff881b] info    [native] Control channel connected successfully
2017-03-24 18:02:15 [73ff881b] info    [native] Transaction sampling started.
2017-03-24 18:02:15 [73ff881b] info    [native] Process metrics pattern ..... not set
2017-03-24 18:02:15 [73ff881b] info    [native] Agent ID .................... aa09dacb
2017-03-24 18:02:15 [73ff881b] info    [native] Process ID .................. 1
2017-03-24 18:02:15 [73ff881b] info    [native] Recovery .................... enabled
2017-03-24 18:02:15 [73ff881b] info    [native] Hot Sensor Placement ........ available
2017-03-24 18:02:15 [73ff881b] info    [native] Hypervisor .................. unknown
2017-03-24 18:02:15 [d7cdb81b] info    [native] Eventsender channel connected successfully
2017-03-24 18:02:15 [d7cdb81b] info    [native] Average transformation time for 1333 classes/modules was 0ms - maximum set to 60ms
2017-03-24 18:02:24 [73ff881b] info    [native] License = remote agents not supported; 
2017-03-24 18:49:20 [bccc181b] info    [native] Shutting down Controller
2017-03-24 18:49:20 [bccc181b] info    [native] Shutting down EventSender
2017-03-24 18:49:20 [bccc181b] info    [native] Shutting down Instrumentor
2017-03-24 18:49:20 [bccc181b] info    [native] Shutdown successful
