2017-05-29 19:04:49 [6f28b8da] info    [native] Loading collector peer list from /app/dynatrace/agent/conf/collectorlist.XJET_XJET
2017-05-29 19:04:49 [6f28b8da] info    [native] 0 entries loaded
2017-05-29 19:04:49 [6f28b8da] info    [native] POSIX clock type CLOCK_MONOTONIC detected
2017-05-29 19:04:49 [6f28b8da] info    [native] High-resolution POSIX timer detected.
2017-05-29 19:04:49 [6f28b8da] info    [native] ------------------------------------------------------------------------------------
2017-05-29 19:04:49 [6f28b8da] info    [native] Dynatrace Agent for Java Copyright (C) 2004-2016 Dynatrace, http://www.dynatrace.com
2017-05-29 19:04:49 [6f28b8da] info    [native] ------------------------------------------------------------------------------------
2017-05-29 19:04:49 [6f28b8da] info    [native] Version ..................... 6.5.0.1289, build date Sep 16 2016 08:47:21, svn rev. 654174
2017-05-29 19:04:49 [6f28b8da] info    [native] Command line is java -agentpath:/app/dynatrace/agent/lib64/libdtagent.so=name=XJET_XJET,server=dtcollector.dojoapm_dojoapm-net:9998 -Djava.security.egd=file:/dev/./urandom -jar /app/build/libs/xjet-1.0-SNAPSHOT.jar 
2017-05-29 19:04:49 [6f28b8da] info    [native] Build platform .............. Linux x86 64-bit
2017-05-29 19:04:49 [6f28b8da] info    [native] Platform .................... Linux 4.4.0-78-generic x86_64
2017-05-29 19:04:49 [6f28b8da] info    [native] System startup time ......... unknown
2017-05-29 19:04:49 [6f28b8da] info    [native] User name ................... root
2017-05-29 19:04:49 [6f28b8da] info    [native] Bootstrap version ........... 6.5.0.1289
2017-05-29 19:04:49 [6f28b8da] info    [native] Log level console ........... info
2017-05-29 19:04:49 [6f28b8da] info    [native] Log level file .............. info
2017-05-29 19:04:49 [6f28b8da] info    [native] Log file .................... /app/dynatrace/log/dt_XJET_XJET_1.0.log
2017-05-29 19:04:49 [6f28b8da] info    [native] Agent host .................. 07ef3126d021
2017-05-29 19:04:49 [6f28b8da] info    [native] Agent library ............... /app/dynatrace/agent/downloads/6.5.0.1289/native/linux-x86-64/libdtagentcore.so
2017-05-29 19:04:49 [6f28b8da] info    [native] Options string .............. name=XJET_XJET,server=dtcollector.dojoapm_dojoapm-net:9998
2017-05-29 19:04:49 [6f28b8da] info    [native] Agent name .................. XJET_XJET
2017-05-29 19:04:49 [6f28b8da] info    [native] Server/Collector ............ dtcollector.dojoapm_dojoapm-net:9998
2017-05-29 19:04:49 [6f28b8da] info    [native] Interface type .............. JVMTI
2017-05-29 19:04:49 [6f28b8da] info    [native] Process ID .................. 1
2017-05-29 19:04:49 [6f28b8da] info    [native] JVM name .................... Java HotSpot(TM) 64-Bit Server VM 25.131-b11
2017-05-29 19:04:49 [6f28b8da] info    [native] JVM vendor .................. Oracle Corporation
2017-05-29 19:04:49 [6f28b8da] info    [native] JVM info .................... mixed mode, sharing
2017-05-29 19:04:49 [6f28b8da] info    [native] Trying to connect to Server/Collector for up to 0 seconds
2017-05-29 19:05:09 [6f28b8da] info    [native] Could not retrieve LoadBalancing configuration from dtcollector.dojoapm_dojoapm-net:9998 (670003): Temporary failure in name resolution
2017-05-29 19:05:29 [6f28b8da] severe  [native] Exception while connecting to Server/Collector dtcollector.dojoapm_dojoapm-net, info:<connect()/apr_sockaddr_info_get(), 670003, Temporary failure in name resolution>
2017-05-29 19:05:29 [6f28b8da] warning [native] Unable to register with Server/Collector dtcollector.dojoapm_dojoapm-net:9998, CONTINUING WITHOUT INSTRUMENTATION.
2017-05-29 19:05:30 [6f28b8da] info    [native] Platform .................... Linux 4.4.0-78-generic, amd64
2017-05-29 19:07:20 [4c1338da] info    [native] Shutting down Controller
2017-05-29 19:07:20 [4c1338da] info    [native] Shutting down EventSender
2017-05-29 19:07:21 [4c1338da] info    [native] Shutting down Instrumentor
2017-05-29 19:07:21 [4c1338da] info    [native] Shutdown successful
