2017-05-29 21:45:15 [9c9b481e] info    [native] Loading collector peer list from /app/dynatrace/agent/conf/collectorlist.XJET_XJET
2017-05-29 21:45:15 [9c9b481e] info    [native] 0 entries loaded
2017-05-29 21:45:15 [9c9b481e] info    [native] POSIX clock type CLOCK_MONOTONIC detected
2017-05-29 21:45:15 [9c9b481e] info    [native] High-resolution POSIX timer detected.
2017-05-29 21:45:15 [9c9b481e] info    [native] ------------------------------------------------------------------------------------
2017-05-29 21:45:15 [9c9b481e] info    [native] Dynatrace Agent for Java Copyright (C) 2004-2016 Dynatrace, http://www.dynatrace.com
2017-05-29 21:45:15 [9c9b481e] info    [native] ------------------------------------------------------------------------------------
2017-05-29 21:45:15 [9c9b481e] info    [native] Version ..................... 6.5.0.1289, build date Sep 16 2016 08:47:21, svn rev. 654174
2017-05-29 21:45:15 [9c9b481e] info    [native] Command line is java -agentpath:/app/dynatrace/agent/lib64/libdtagent.so=name=XJET_XJET,server=dtserver.dojoapm_default:9998 -Djava.security.egd=file:/dev/./urandom -jar /app/build/libs/xjet-1.0-SNAPSHOT.jar 
2017-05-29 21:45:15 [9c9b481e] info    [native] Build platform .............. Linux x86 64-bit
2017-05-29 21:45:15 [9c9b481e] info    [native] Platform .................... Linux 4.4.0-78-generic x86_64
2017-05-29 21:45:15 [9c9b481e] info    [native] System startup time ......... unknown
2017-05-29 21:45:15 [9c9b481e] info    [native] User name ................... root
2017-05-29 21:45:15 [9c9b481e] info    [native] Bootstrap version ........... 6.5.0.1289
2017-05-29 21:45:15 [9c9b481e] info    [native] Log level console ........... info
2017-05-29 21:45:15 [9c9b481e] info    [native] Log level file .............. info
2017-05-29 21:45:15 [9c9b481e] info    [native] Log file .................... /app/dynatrace/log/dt_XJET_XJET_1(14).0.log
2017-05-29 21:45:15 [9c9b481e] info    [native] Agent host .................. 517479ec9128
2017-05-29 21:45:15 [9c9b481e] info    [native] Agent library ............... /app/dynatrace/agent/downloads/6.5.0.1289/native/linux-x86-64/libdtagentcore.so
2017-05-29 21:45:15 [9c9b481e] info    [native] Options string .............. name=XJET_XJET,server=dtserver.dojoapm_default:9998
2017-05-29 21:45:15 [9c9b481e] info    [native] Agent name .................. XJET_XJET
2017-05-29 21:45:15 [9c9b481e] info    [native] Server/Collector ............ dtserver.dojoapm_default:9998
2017-05-29 21:45:15 [9c9b481e] info    [native] Interface type .............. JVMTI
2017-05-29 21:45:15 [9c9b481e] info    [native] Process ID .................. 1
2017-05-29 21:45:15 [9c9b481e] info    [native] JVM name .................... Java HotSpot(TM) 64-Bit Server VM 25.131-b11
2017-05-29 21:45:15 [9c9b481e] info    [native] JVM vendor .................. Oracle Corporation
2017-05-29 21:45:15 [9c9b481e] info    [native] JVM info .................... mixed mode, sharing
2017-05-29 21:45:15 [9c9b481e] info    [native] Trying to connect to Server/Collector for up to 2 seconds
2017-05-29 21:45:15 [9c9b481e] info    [native] Reading LoadBalancing configuration from dtserver.dojoapm_default:9998
2017-05-29 21:45:15 [9c9b481e] info    [native] Storing collector peer list (0 entries) to /app/dynatrace/agent/conf/collectorlist.XJET_XJET
2017-05-29 21:45:15 [9c9b481e] info    [native] Server/Collector ............ dtserver.dojoapm_default:9998
2017-05-29 21:45:15 [9c9b481e] info    [native] Instrumentation channel connected successfully
2017-05-29 21:45:16 [9c9b481e] info    [native] Received instrumentation blacklist (0 classes, 0 KiB)
2017-05-29 21:45:16 [9c9b481e] info    [native] Connected to Server/Collector dtserver.dojoapm_default:9998
2017-05-29 21:45:19 [9c9b481e] info    [native] Agent classes defined successfully
2017-05-29 21:45:20 [9c9b481e] info    [native] Platform .................... Linux 4.4.0-78-generic, amd64
2017-05-29 21:45:20 [9c9b481e] info    [java  ] Java Agent Version .......... 6.5.0.1289, Agent15
2017-05-29 21:45:23 [6d3bb81e] info    [native] Control channel connected successfully
2017-05-29 21:45:23 [6d3bb81e] info    [native] Transaction sampling started.
2017-05-29 21:45:24 [6d3bb81e] info    [native] Process metrics pattern ..... not set
2017-05-29 21:45:24 [6d3bb81e] info    [native] Agent ID .................... e6d07169
2017-05-29 21:45:24 [6d3bb81e] info    [native] Process ID .................. 1
2017-05-29 21:45:24 [6d3bb81e] info    [native] Recovery .................... enabled
2017-05-29 21:45:24 [6d3bb81e] info    [native] Hot Sensor Placement ........ available
2017-05-29 21:45:24 [9c9b481e] info    [native] Eventsender channel connected successfully
2017-05-29 21:45:24 [6d3bb81e] info    [native] Hypervisor .................. unknown
2017-05-29 21:45:24 [9c9b481e] info    [native] Average transformation time for 1333 classes/modules was 3ms - maximum set to 60ms
2017-05-29 21:45:31 [6d3bb81e] info    [native] License = license invalid; 
2017-05-29 21:51:09 [6d3bb81e] info    [native] License = license ok; 
2017-05-29 21:55:30 [6dcb981e] info    [native] Shutting down Controller
2017-05-29 21:55:30 [6dcb981e] info    [native] Shutting down EventSender
2017-05-29 21:55:30 [6dcb981e] info    [native] Shutting down Instrumentor
2017-05-29 21:55:30 [6dcb981e] info    [native] Shutdown successful
