2017-05-29 20:11:17 [a66318a6] info    [native] Loading collector peer list from /app/dynatrace/agent/conf/collectorlist.XJET_XJET
2017-05-29 20:11:17 [a66318a6] info    [native] 0 entries loaded
2017-05-29 20:11:17 [a66318a6] info    [native] POSIX clock type CLOCK_MONOTONIC detected
2017-05-29 20:11:17 [a66318a6] info    [native] High-resolution POSIX timer detected.
2017-05-29 20:11:17 [a66318a6] info    [native] ------------------------------------------------------------------------------------
2017-05-29 20:11:17 [a66318a6] info    [native] Dynatrace Agent for Java Copyright (C) 2004-2016 Dynatrace, http://www.dynatrace.com
2017-05-29 20:11:17 [a66318a6] info    [native] ------------------------------------------------------------------------------------
2017-05-29 20:11:17 [a66318a6] info    [native] Version ..................... 6.5.0.1289, build date Sep 16 2016 08:47:21, svn rev. 654174
2017-05-29 20:11:17 [a66318a6] info    [native] Command line is java -agentpath:/app/dynatrace/agent/lib64/libdtagent.so=name=XJET_XJET,server=dtcollector.dojoAPM-net:9998 -Djava.security.egd=file:/dev/./urandom -jar /app/build/libs/xjet-1.0-SNAPSHOT.jar 
2017-05-29 20:11:17 [a66318a6] info    [native] Build platform .............. Linux x86 64-bit
2017-05-29 20:11:17 [a66318a6] info    [native] Platform .................... Linux 4.4.0-78-generic x86_64
2017-05-29 20:11:17 [a66318a6] info    [native] System startup time ......... unknown
2017-05-29 20:11:17 [a66318a6] info    [native] User name ................... root
2017-05-29 20:11:17 [a66318a6] info    [native] Bootstrap version ........... 6.5.0.1289
2017-05-29 20:11:17 [a66318a6] info    [native] Log level console ........... info
2017-05-29 20:11:17 [a66318a6] info    [native] Log level file .............. info
2017-05-29 20:11:17 [a66318a6] info    [native] Log file .................... /app/dynatrace/log/dt_XJET_XJET_1(11).0.log
2017-05-29 20:11:17 [a66318a6] info    [native] Agent host .................. 0176c9c12628
2017-05-29 20:11:17 [a66318a6] info    [native] Agent library ............... /app/dynatrace/agent/downloads/6.5.0.1289/native/linux-x86-64/libdtagentcore.so
2017-05-29 20:11:17 [a66318a6] info    [native] Options string .............. name=XJET_XJET,server=dtcollector.dojoAPM-net:9998
2017-05-29 20:11:17 [a66318a6] info    [native] Agent name .................. XJET_XJET
2017-05-29 20:11:17 [a66318a6] info    [native] Server/Collector ............ dtcollector.dojoAPM-net:9998
2017-05-29 20:11:17 [a66318a6] info    [native] Interface type .............. JVMTI
2017-05-29 20:11:17 [a66318a6] info    [native] Process ID .................. 1
2017-05-29 20:11:17 [a66318a6] info    [native] JVM name .................... Java HotSpot(TM) 64-Bit Server VM 25.131-b11
2017-05-29 20:11:17 [a66318a6] info    [native] JVM vendor .................. Oracle Corporation
2017-05-29 20:11:17 [a66318a6] info    [native] JVM info .................... mixed mode, sharing
2017-05-29 20:11:17 [a66318a6] info    [native] Trying to connect to Server/Collector for up to 0 seconds
2017-05-29 20:11:17 [a66318a6] info    [native] Could not retrieve LoadBalancing configuration from dtcollector.dojoAPM-net:9998 (111): Connection refused
2017-05-29 20:11:22 [a66318a6] severe  [native] Exception while connecting to Server/Collector dtcollector.dojoAPM-net, info:<connect()/apr_socket_connect(), 111, Connection refused>
2017-05-29 20:11:22 [a66318a6] warning [native] Unable to register with Server/Collector dtcollector.dojoAPM-net:9998, CONTINUING WITHOUT INSTRUMENTATION.
2017-05-29 20:11:22 [a66318a6] info    [native] Platform .................... Linux 4.4.0-78-generic, amd64
2017-05-29 20:15:38 [437f98a6] info    [native] Shutting down Controller
2017-05-29 20:15:38 [437f98a6] info    [native] Shutting down EventSender
2017-05-29 20:15:38 [437f98a6] info    [native] Shutting down Instrumentor
2017-05-29 20:15:38 [437f98a6] info    [native] Shutdown successful
