2017-03-29 19:11:47 [64e6b8cb] info    [native] Loading collector peer list from /app/dynatrace/agent/conf/collectorlist.ToughJet_Java_XJet
2017-03-29 19:11:47 [64e6b8cb] info    [native] 0 entries loaded
2017-03-29 19:11:47 [64e6b8cb] info    [native] POSIX clock type CLOCK_MONOTONIC detected
2017-03-29 19:11:48 [64e6b8cb] info    [native] High-resolution POSIX timer detected.
2017-03-29 19:11:48 [64e6b8cb] info    [native] ------------------------------------------------------------------------------------
2017-03-29 19:11:48 [64e6b8cb] info    [native] Dynatrace Agent for Java Copyright (C) 2004-2016 Dynatrace, http://www.dynatrace.com
2017-03-29 19:11:48 [64e6b8cb] info    [native] ------------------------------------------------------------------------------------
2017-03-29 19:11:48 [64e6b8cb] info    [native] Version ..................... 6.5.0.1289, build date Sep 16 2016 08:47:21, svn rev. 654174
2017-03-29 19:11:48 [64e6b8cb] info    [native] Command line is java -agentpath:/app/dynatrace/agent/lib64/libdtagent.so=name=ToughJet_Java_XJet,server=dtserver.dojoapm_default:9998 -Djava.security.egd=file:/dev/./urandom -jar /app/build/libs/toughJet-1.0-SNAPSHOT.jar 
2017-03-29 19:11:48 [64e6b8cb] info    [native] Build platform .............. Linux x86 64-bit
2017-03-29 19:11:48 [64e6b8cb] info    [native] Platform .................... Linux 4.4.0-66-generic x86_64
2017-03-29 19:11:48 [64e6b8cb] info    [native] System startup time ......... unknown
2017-03-29 19:11:48 [64e6b8cb] info    [native] User name ................... root
2017-03-29 19:11:48 [64e6b8cb] info    [native] Bootstrap version ........... 6.5.0.1289
2017-03-29 19:11:48 [64e6b8cb] info    [native] Log level console ........... info
2017-03-29 19:11:48 [64e6b8cb] info    [native] Log level file .............. info
2017-03-29 19:11:48 [64e6b8cb] info    [native] Log file .................... /app/dynatrace/log/dt_ToughJet_Java_XJet_1(5).0.log
2017-03-29 19:11:48 [64e6b8cb] info    [native] Agent host .................. d78bf64b924f
2017-03-29 19:11:48 [64e6b8cb] info    [native] Agent library ............... /app/dynatrace/agent/downloads/6.5.0.1289/native/linux-x86-64/libdtagentcore.so
2017-03-29 19:11:48 [64e6b8cb] info    [native] Options string .............. name=ToughJet_Java_XJet,server=dtserver.dojoapm_default:9998
2017-03-29 19:11:48 [64e6b8cb] info    [native] Agent name .................. ToughJet_Java_XJet
2017-03-29 19:11:48 [64e6b8cb] info    [native] Server/Collector ............ dtserver.dojoapm_default:9998
2017-03-29 19:11:48 [64e6b8cb] info    [native] Interface type .............. JVMTI
2017-03-29 19:11:48 [64e6b8cb] info    [native] Process ID .................. 1
2017-03-29 19:11:48 [64e6b8cb] info    [native] JVM name .................... Java HotSpot(TM) 64-Bit Server VM 25.121-b13
2017-03-29 19:11:48 [64e6b8cb] info    [native] JVM vendor .................. Oracle Corporation
2017-03-29 19:11:48 [64e6b8cb] info    [native] JVM info .................... mixed mode, sharing
2017-03-29 19:11:48 [64e6b8cb] info    [native] Trying to connect to Server/Collector for up to 0 seconds
2017-03-29 19:11:48 [64e6b8cb] info    [native] Could not retrieve LoadBalancing configuration from dtserver.dojoapm_default:9998 (111): Connection refused
2017-03-29 19:11:53 [64e6b8cb] severe  [native] Exception while connecting to Server/Collector dtserver.dojoapm_default, info:<connect()/apr_socket_connect(), 111, Connection refused>
2017-03-29 19:11:53 [64e6b8cb] warning [native] Unable to register with Server/Collector dtserver.dojoapm_default:9998, CONTINUING WITHOUT INSTRUMENTATION.
2017-03-29 19:11:53 [64e6b8cb] info    [native] Platform .................... Linux 4.4.0-66-generic, amd64
2017-03-29 19:14:45 [46e118cb] info    [native] Instrumentation channel connected successfully
2017-03-29 19:14:45 [46e118cb] info    [native] Connected to Server/Collector dtserver.dojoapm_default:9998
2017-03-29 19:14:45 [4560b8cb] info    [native] Control channel connected successfully
2017-03-29 19:14:45 [3fff88cb] info    [native] Eventsender channel connected successfully
2017-03-29 19:14:45 [4560b8cb] info    [native] Transaction sampling started.
2017-03-29 19:14:45 [4560b8cb] info    [native] Process metrics pattern ..... not set
2017-03-29 19:14:45 [4560b8cb] info    [native] Agent ID .................... 3a75bfb6
2017-03-29 19:14:45 [4560b8cb] info    [native] Process ID .................. 1
2017-03-29 19:14:45 [4560b8cb] info    [native] Hot Sensor Placement ........ not available
2017-03-29 19:14:45 [45e0a8cb] info    [native] Sampling Cache (0 methods) cleared ...
2017-03-29 19:14:45 [4560b8cb] info    [native] Hypervisor .................. unknown
2017-03-29 19:14:45 [4560b8cb] info    [native] License = license ok; 
2017-03-29 20:17:16 [e811f8ca] info    [native] Shutting down Controller
2017-03-29 20:17:16 [e811f8ca] info    [native] Shutting down EventSender
2017-03-29 20:17:16 [e811f8ca] info    [native] Shutting down Instrumentor
2017-03-29 20:17:16 [e811f8ca] info    [native] Shutdown successful
