2017-05-23 12:39:51 [ba6f788a] info    [native] Loading collector peer list from /app/dynatrace/agent/conf/collectorlist.ToughJet_Java_XJet
2017-05-23 12:39:51 [ba6f788a] info    [native] 0 entries loaded
2017-05-23 12:39:51 [ba6f788a] info    [native] POSIX clock type CLOCK_MONOTONIC detected
2017-05-23 12:39:52 [ba6f788a] info    [native] High-resolution POSIX timer detected.
2017-05-23 12:39:52 [ba6f788a] info    [native] ------------------------------------------------------------------------------------
2017-05-23 12:39:52 [ba6f788a] info    [native] Dynatrace Agent for Java Copyright (C) 2004-2016 Dynatrace, http://www.dynatrace.com
2017-05-23 12:39:52 [ba6f788a] info    [native] ------------------------------------------------------------------------------------
2017-05-23 12:39:52 [ba6f788a] info    [native] Version ..................... 6.5.0.1289, build date Sep 16 2016 08:47:21, svn rev. 654174
2017-05-23 12:39:52 [ba6f788a] info    [native] Command line is java -agentpath:/app/dynatrace/agent/lib64/libdtagent.so=name=ToughJet_Java_XJet,server=dtcollector.dojoapm_default:9998 -Djava.security.egd=file:/dev/./urandom -jar /app/build/libs/toughJet-1.0-SNAPSHOT.jar 
2017-05-23 12:39:52 [ba6f788a] info    [native] Build platform .............. Linux x86 64-bit
2017-05-23 12:39:52 [ba6f788a] info    [native] Platform .................... Linux 4.4.0-75-generic x86_64
2017-05-23 12:39:52 [ba6f788a] info    [native] System startup time ......... unknown
2017-05-23 12:39:52 [ba6f788a] info    [native] User name ................... root
2017-05-23 12:39:52 [ba6f788a] info    [native] Bootstrap version ........... 6.5.0.1289
2017-05-23 12:39:52 [ba6f788a] info    [native] Log level console ........... info
2017-05-23 12:39:52 [ba6f788a] info    [native] Log level file .............. info
2017-05-23 12:39:52 [ba6f788a] info    [native] Log file .................... /app/dynatrace/log/dt_ToughJet_Java_XJet_1.0.log
2017-05-23 12:39:52 [ba6f788a] info    [native] Agent host .................. b160aaaabb22
2017-05-23 12:39:52 [ba6f788a] info    [native] Agent library ............... /app/dynatrace/agent/downloads/6.5.0.1289/native/linux-x86-64/libdtagentcore.so
2017-05-23 12:39:52 [ba6f788a] info    [native] Options string .............. name=ToughJet_Java_XJet,server=dtcollector.dojoapm_default:9998
2017-05-23 12:39:52 [ba6f788a] info    [native] Agent name .................. ToughJet_Java_XJet
2017-05-23 12:39:52 [ba6f788a] info    [native] Server/Collector ............ dtcollector.dojoapm_default:9998
2017-05-23 12:39:52 [ba6f788a] info    [native] Interface type .............. JVMTI
2017-05-23 12:39:52 [ba6f788a] info    [native] Process ID .................. 1
2017-05-23 12:39:52 [ba6f788a] info    [native] JVM name .................... Java HotSpot(TM) 64-Bit Server VM 25.121-b13
2017-05-23 12:39:52 [ba6f788a] info    [native] JVM vendor .................. Oracle Corporation
2017-05-23 12:39:52 [ba6f788a] info    [native] JVM info .................... mixed mode, sharing
2017-05-23 12:39:52 [ba6f788a] info    [native] Trying to connect to Server/Collector for up to 0 seconds
2017-05-23 12:40:12 [ba6f788a] info    [native] Could not retrieve LoadBalancing configuration from dtcollector.dojoapm_default:9998 (670003): Temporary failure in name resolution
2017-05-23 12:40:32 [ba6f788a] severe  [native] Exception while connecting to Server/Collector dtcollector.dojoapm_default, info:<connect()/apr_sockaddr_info_get(), 670003, Temporary failure in name resolution>
2017-05-23 12:40:32 [ba6f788a] warning [native] Unable to register with Server/Collector dtcollector.dojoapm_default:9998, CONTINUING WITHOUT INSTRUMENTATION.
2017-05-23 12:40:33 [ba6f788a] info    [native] Platform .................... Linux 4.4.0-75-generic, amd64
2017-05-23 13:22:10 [8017e88a] info    [native] Shutting down Controller
2017-05-23 13:22:10 [8017e88a] info    [native] Shutting down EventSender
2017-05-23 13:22:11 [8017e88a] info    [native] Shutting down Instrumentor
2017-05-23 13:22:11 [8017e88a] info    [native] Shutdown successful
