2017-03-30 11:31:28 [d83bb8de] info    [native] Loading collector peer list from /app/dynatrace/agent/conf/collectorlist.ToughJet_Java_XJet
2017-03-30 11:31:28 [d83bb8de] info    [native] 0 entries loaded
2017-03-30 11:31:28 [d83bb8de] info    [native] POSIX clock type CLOCK_MONOTONIC detected
2017-03-30 11:31:28 [d83bb8de] info    [native] High-resolution POSIX timer detected.
2017-03-30 11:31:28 [d83bb8de] info    [native] ------------------------------------------------------------------------------------
2017-03-30 11:31:28 [d83bb8de] info    [native] Dynatrace Agent for Java Copyright (C) 2004-2016 Dynatrace, http://www.dynatrace.com
2017-03-30 11:31:28 [d83bb8de] info    [native] ------------------------------------------------------------------------------------
2017-03-30 11:31:28 [d83bb8de] info    [native] Version ..................... 6.5.0.1289, build date Sep 16 2016 08:47:21, svn rev. 654174
2017-03-30 11:31:28 [d83bb8de] info    [native] Command line is java -agentpath:/app/dynatrace/agent/lib64/libdtagent.so=name=ToughJet_Java_XJet,server=dtserver.dojoapm_default:9998 -Djava.security.egd=file:/dev/./urandom -jar /app/build/libs/toughJet-1.0-SNAPSHOT.jar 
2017-03-30 11:31:28 [d83bb8de] info    [native] Build platform .............. Linux x86 64-bit
2017-03-30 11:31:28 [d83bb8de] info    [native] Platform .................... Linux 4.4.0-70-generic x86_64
2017-03-30 11:31:28 [d83bb8de] info    [native] System startup time ......... unknown
2017-03-30 11:31:28 [d83bb8de] info    [native] User name ................... root
2017-03-30 11:31:28 [d83bb8de] info    [native] Bootstrap version ........... 6.5.0.1289
2017-03-30 11:31:28 [d83bb8de] info    [native] Log level console ........... info
2017-03-30 11:31:28 [d83bb8de] info    [native] Log level file .............. info
2017-03-30 11:31:28 [d83bb8de] info    [native] Log file .................... /app/dynatrace/log/dt_ToughJet_Java_XJet_1(7).0.log
2017-03-30 11:31:28 [d83bb8de] info    [native] Agent host .................. d78bf64b924f
2017-03-30 11:31:28 [d83bb8de] info    [native] Agent library ............... /app/dynatrace/agent/downloads/6.5.0.1289/native/linux-x86-64/libdtagentcore.so
2017-03-30 11:31:28 [d83bb8de] info    [native] Options string .............. name=ToughJet_Java_XJet,server=dtserver.dojoapm_default:9998
2017-03-30 11:31:28 [d83bb8de] info    [native] Agent name .................. ToughJet_Java_XJet
2017-03-30 11:31:28 [d83bb8de] info    [native] Server/Collector ............ dtserver.dojoapm_default:9998
2017-03-30 11:31:28 [d83bb8de] info    [native] Interface type .............. JVMTI
2017-03-30 11:31:28 [d83bb8de] info    [native] Process ID .................. 1
2017-03-30 11:31:28 [d83bb8de] info    [native] JVM name .................... Java HotSpot(TM) 64-Bit Server VM 25.121-b13
2017-03-30 11:31:28 [d83bb8de] info    [native] JVM vendor .................. Oracle Corporation
2017-03-30 11:31:28 [d83bb8de] info    [native] JVM info .................... mixed mode, sharing
2017-03-30 11:31:28 [d83bb8de] info    [native] Trying to connect to Server/Collector for up to 0 seconds
2017-03-30 11:31:28 [d83bb8de] info    [native] Could not retrieve LoadBalancing configuration from dtserver.dojoapm_default:9998 (670002): Name or service not known
2017-03-30 11:31:29 [d83bb8de] severe  [native] Exception while connecting to Server/Collector dtserver.dojoapm_default, info:<connect()/apr_sockaddr_info_get(), 670002, Name or service not known>
2017-03-30 11:31:29 [d83bb8de] warning [native] Unable to register with Server/Collector dtserver.dojoapm_default:9998, CONTINUING WITHOUT INSTRUMENTATION.
2017-03-30 11:31:29 [d83bb8de] info    [native] Platform .................... Linux 4.4.0-70-generic, amd64
2017-03-30 11:37:02 [a41418de] info    [native] Shutting down Controller
2017-03-30 11:37:02 [a41418de] info    [native] Shutting down EventSender
2017-03-30 11:37:03 [a41418de] info    [native] Shutting down Instrumentor
2017-03-30 11:37:03 [a41418de] info    [native] Shutdown successful
