2017-03-30 11:38:41 [a998b8ac] info    [native] Loading collector peer list from /app/dynatrace/agent/conf/collectorlist.CrazyAir_Java_XJet
2017-03-30 11:38:41 [a998b8ac] info    [native] 0 entries loaded
2017-03-30 11:38:41 [a998b8ac] info    [native] POSIX clock type CLOCK_MONOTONIC detected
2017-03-30 11:38:41 [a998b8ac] info    [native] High-resolution POSIX timer detected.
2017-03-30 11:38:41 [a998b8ac] info    [native] ------------------------------------------------------------------------------------
2017-03-30 11:38:41 [a998b8ac] info    [native] Dynatrace Agent for Java Copyright (C) 2004-2016 Dynatrace, http://www.dynatrace.com
2017-03-30 11:38:41 [a998b8ac] info    [native] ------------------------------------------------------------------------------------
2017-03-30 11:38:41 [a998b8ac] info    [native] Version ..................... 6.5.0.1289, build date Sep 16 2016 08:47:21, svn rev. 654174
2017-03-30 11:38:41 [a998b8ac] info    [native] Command line is java -agentpath:/app/dynatrace/agent/lib64/libdtagent.so=name=CrazyAir_Java_XJet,server=dtserver.dojoapm_default:9998 -Djava.security.egd=file:/dev/./urandom -jar /app/build/libs/crazyAir-1.0-SNAPSHOT.jar 
2017-03-30 11:38:41 [a998b8ac] info    [native] Build platform .............. Linux x86 64-bit
2017-03-30 11:38:41 [a998b8ac] info    [native] Platform .................... Linux 4.4.0-70-generic x86_64
2017-03-30 11:38:41 [a998b8ac] info    [native] System startup time ......... unknown
2017-03-30 11:38:41 [a998b8ac] info    [native] User name ................... root
2017-03-30 11:38:41 [a998b8ac] info    [native] Bootstrap version ........... 6.5.0.1289
2017-03-30 11:38:41 [a998b8ac] info    [native] Log level console ........... info
2017-03-30 11:38:41 [a998b8ac] info    [native] Log level file .............. info
2017-03-30 11:38:41 [a998b8ac] info    [native] Log file .................... /app/dynatrace/log/dt_CrazyAir_Java_XJet_1(4).0.log
2017-03-30 11:38:41 [a998b8ac] info    [native] Agent host .................. 01d3b5e42e45
2017-03-30 11:38:41 [a998b8ac] info    [native] Agent library ............... /app/dynatrace/agent/downloads/6.5.0.1289/native/linux-x86-64/libdtagentcore.so
2017-03-30 11:38:41 [a998b8ac] info    [native] Options string .............. name=CrazyAir_Java_XJet,server=dtserver.dojoapm_default:9998
2017-03-30 11:38:41 [a998b8ac] info    [native] Agent name .................. CrazyAir_Java_XJet
2017-03-30 11:38:41 [a998b8ac] info    [native] Server/Collector ............ dtserver.dojoapm_default:9998
2017-03-30 11:38:41 [a998b8ac] info    [native] Interface type .............. JVMTI
2017-03-30 11:38:41 [a998b8ac] info    [native] Process ID .................. 1
2017-03-30 11:38:41 [a998b8ac] info    [native] JVM name .................... Java HotSpot(TM) 64-Bit Server VM 25.121-b13
2017-03-30 11:38:41 [a998b8ac] info    [native] JVM vendor .................. Oracle Corporation
2017-03-30 11:38:41 [a998b8ac] info    [native] JVM info .................... mixed mode, sharing
2017-03-30 11:38:41 [a998b8ac] info    [native] Trying to connect to Server/Collector for up to 0 seconds
2017-03-30 11:39:01 [a998b8ac] info    [native] Could not retrieve LoadBalancing configuration from dtserver.dojoapm_default:9998 (670003): Temporary failure in name resolution
2017-03-30 11:39:22 [a998b8ac] severe  [native] Exception while connecting to Server/Collector dtserver.dojoapm_default, info:<connect()/apr_sockaddr_info_get(), 670003, Temporary failure in name resolution>
2017-03-30 11:39:22 [a998b8ac] warning [native] Unable to register with Server/Collector dtserver.dojoapm_default:9998, CONTINUING WITHOUT INSTRUMENTATION.
2017-03-30 11:39:29 [a998b8ac] info    [native] Platform .................... Linux 4.4.0-70-generic, amd64
