2017-05-20 12:54:24 [e9783836] info    [native] Loading collector peer list from /app/dynatrace/agent/conf/collectorlist.CrazyAir_Java_XJet
2017-05-20 12:54:24 [e9783836] info    [native] 0 entries loaded
2017-05-20 12:54:24 [e9783836] info    [native] POSIX clock type CLOCK_MONOTONIC detected
2017-05-20 12:54:25 [e9783836] info    [native] High-resolution POSIX timer detected.
2017-05-20 12:54:25 [e9783836] info    [native] ------------------------------------------------------------------------------------
2017-05-20 12:54:25 [e9783836] info    [native] Dynatrace Agent for Java Copyright (C) 2004-2016 Dynatrace, http://www.dynatrace.com
2017-05-20 12:54:25 [e9783836] info    [native] ------------------------------------------------------------------------------------
2017-05-20 12:54:25 [e9783836] info    [native] Version ..................... 6.5.0.1289, build date Sep 16 2016 08:47:21, svn rev. 654174
2017-05-20 12:54:25 [e9783836] info    [native] Command line is java -agentpath:/app/dynatrace/agent/lib64/libdtagent.so=name=CrazyAir_Java_XJet,server=dtcollector.dojoapm_default:9998 -Djava.security.egd=file:/dev/./urandom -jar /app/build/libs/crazyAir-1.0-SNAPSHOT.jar 
2017-05-20 12:54:25 [e9783836] info    [native] Build platform .............. Linux x86 64-bit
2017-05-20 12:54:25 [e9783836] info    [native] Platform .................... Linux 4.4.0-75-generic x86_64
2017-05-20 12:54:25 [e9783836] info    [native] System startup time ......... unknown
2017-05-20 12:54:25 [e9783836] info    [native] User name ................... root
2017-05-20 12:54:25 [e9783836] info    [native] Bootstrap version ........... 6.5.0.1289
2017-05-20 12:54:25 [e9783836] info    [native] Log level console ........... info
2017-05-20 12:54:25 [e9783836] info    [native] Log level file .............. info
2017-05-20 12:54:25 [e9783836] info    [native] Log file .................... /app/dynatrace/log/dt_CrazyAir_Java_XJet_1.0.log
2017-05-20 12:54:25 [e9783836] info    [native] Agent host .................. 36db2aff84f1
2017-05-20 12:54:25 [e9783836] info    [native] Agent library ............... /app/dynatrace/agent/downloads/6.5.0.1289/native/linux-x86-64/libdtagentcore.so
2017-05-20 12:54:25 [e9783836] info    [native] Options string .............. name=CrazyAir_Java_XJet,server=dtcollector.dojoapm_default:9998
2017-05-20 12:54:25 [e9783836] info    [native] Agent name .................. CrazyAir_Java_XJet
2017-05-20 12:54:25 [e9783836] info    [native] Server/Collector ............ dtcollector.dojoapm_default:9998
2017-05-20 12:54:25 [e9783836] info    [native] Interface type .............. JVMTI
2017-05-20 12:54:25 [e9783836] info    [native] Process ID .................. 1
2017-05-20 12:54:25 [e9783836] info    [native] JVM name .................... Java HotSpot(TM) 64-Bit Server VM 25.121-b13
2017-05-20 12:54:25 [e9783836] info    [native] JVM vendor .................. Oracle Corporation
2017-05-20 12:54:25 [e9783836] info    [native] JVM info .................... mixed mode, sharing
2017-05-20 12:54:25 [e9783836] info    [native] Trying to connect to Server/Collector for up to 0 seconds
2017-05-20 12:54:26 [e9783836] info    [native] Could not retrieve LoadBalancing configuration from dtcollector.dojoapm_default:9998 (670002): Name or service not known
2017-05-20 12:54:27 [e9783836] severe  [native] Exception while connecting to Server/Collector dtcollector.dojoapm_default, info:<connect()/apr_sockaddr_info_get(), 670002, Name or service not known>
2017-05-20 12:54:27 [e9783836] warning [native] Unable to register with Server/Collector dtcollector.dojoapm_default:9998, CONTINUING WITHOUT INSTRUMENTATION.
2017-05-20 12:54:30 [e9783836] info    [native] Platform .................... Linux 4.4.0-75-generic, amd64
2017-05-22 16:46:11 [b4228836] info    [native] Shutting down Controller
2017-05-22 16:46:11 [b4228836] info    [native] Shutting down EventSender
2017-05-22 16:46:11 [b4228836] info    [native] Shutting down Instrumentor
2017-05-22 16:46:11 [b4228836] info    [native] Shutdown successful
